<?xml version="1.0" encoding="UTF-8"?>
<!-- Generated by org.testng.reporters.JUnitReportReporter -->
<testsuite hostname="Alain" failures="0" tests="1" name="com.amazon.test.AmazonTest" time="3.105" errors="0" timestamp="2022-09-15T20:04:11 PET" skipped="0">
  <testcase classname="com.amazon.test.AmazonTest" name="searchProduct" time="3.105"/>
  <system-out/>
</testsuite> <!-- com.amazon.test.AmazonTest -->
